
> aetheris-rag-frontend@1.0.0 dev
> vite


  VITE v5.4.21  ready in 367 ms

  ➜  Local:   http://localhost:5173/
  ➜  Network: use --host to expose
2:10:47 PM [vite] Pre-transform error: Failed to resolve import "@/views/resource/ResourceListView.vue" from "src/router/index.ts". Does the file exist?
2:10:47 PM [vite] Internal server error: Failed to resolve import "@/views/resource/ResourceListView.vue" from "src/router/index.ts". Does the file exist?
  Plugin: vite:import-analysis
  File: /Users/hubin5/app/Aetheris/frontend/src/router/index.ts:41:28
  24 |      path: "/resources",
  25 |      name: "ResourceList",
  26 |      component: () => import("@/views/resource/ResourceListView.vue"),
     |                              ^
  27 |      meta: { requiresAuth: true }
  28 |    },
      at TransformPluginContext._formatError (file:///Users/hubin5/app/Aetheris/frontend/node_modules/vite/dist/node/chunks/dep-BK3b2jBa.js:49258:41)
      at TransformPluginContext.error (file:///Users/hubin5/app/Aetheris/frontend/node_modules/vite/dist/node/chunks/dep-BK3b2jBa.js:49253:16)
      at normalizeUrl (file:///Users/hubin5/app/Aetheris/frontend/node_modules/vite/dist/node/chunks/dep-BK3b2jBa.js:64307:23)
      at process.processTicksAndRejections (node:internal/process/task_queues:103:5)
      at async file:///Users/hubin5/app/Aetheris/frontend/node_modules/vite/dist/node/chunks/dep-BK3b2jBa.js:64439:39
      at async Promise.all (index 5)
      at async TransformPluginContext.transform (file:///Users/hubin5/app/Aetheris/frontend/node_modules/vite/dist/node/chunks/dep-BK3b2jBa.js:64366:7)
      at async PluginContainer.transform (file:///Users/hubin5/app/Aetheris/frontend/node_modules/vite/dist/node/chunks/dep-BK3b2jBa.js:49099:18)
      at async loadAndTransform (file:///Users/hubin5/app/Aetheris/frontend/node_modules/vite/dist/node/chunks/dep-BK3b2jBa.js:51978:27)
      at async viteTransformMiddleware (file:///Users/hubin5/app/Aetheris/frontend/node_modules/vite/dist/node/chunks/dep-BK3b2jBa.js:62106:24)
2:10:49 PM [vite] ✨ new dependencies optimized: vue-router, axios
2:10:49 PM [vite] ✨ optimized dependencies changed. reloading
2:10:49 PM [vite] Pre-transform error: Failed to resolve import "@/views/resource/ResourceListView.vue" from "src/router/index.ts". Does the file exist?
2:10:49 PM [vite] Internal server error: Failed to resolve import "@/views/resource/ResourceListView.vue" from "src/router/index.ts". Does the file exist?
  Plugin: vite:import-analysis
  File: /Users/hubin5/app/Aetheris/frontend/src/router/index.ts:41:28
  24 |      path: "/resources",
  25 |      name: "ResourceList",
  26 |      component: () => import("@/views/resource/ResourceListView.vue"),
     |                              ^
  27 |      meta: { requiresAuth: true }
  28 |    },
      at TransformPluginContext._formatError (file:///Users/hubin5/app/Aetheris/frontend/node_modules/vite/dist/node/chunks/dep-BK3b2jBa.js:49258:41)
      at TransformPluginContext.error (file:///Users/hubin5/app/Aetheris/frontend/node_modules/vite/dist/node/chunks/dep-BK3b2jBa.js:49253:16)
      at normalizeUrl (file:///Users/hubin5/app/Aetheris/frontend/node_modules/vite/dist/node/chunks/dep-BK3b2jBa.js:64307:23)
      at process.processTicksAndRejections (node:internal/process/task_queues:103:5)
      at async file:///Users/hubin5/app/Aetheris/frontend/node_modules/vite/dist/node/chunks/dep-BK3b2jBa.js:64439:39
      at async Promise.all (index 5)
      at async TransformPluginContext.transform (file:///Users/hubin5/app/Aetheris/frontend/node_modules/vite/dist/node/chunks/dep-BK3b2jBa.js:64366:7)
      at async PluginContainer.transform (file:///Users/hubin5/app/Aetheris/frontend/node_modules/vite/dist/node/chunks/dep-BK3b2jBa.js:49099:18)
      at async loadAndTransform (file:///Users/hubin5/app/Aetheris/frontend/node_modules/vite/dist/node/chunks/dep-BK3b2jBa.js:51978:27)
      at async viteTransformMiddleware (file:///Users/hubin5/app/Aetheris/frontend/node_modules/vite/dist/node/chunks/dep-BK3b2jBa.js:62106:24)
2:11:34 PM [vite] Internal server error: Failed to resolve import "@/views/resource/ResourceListView.vue" from "src/router/index.ts". Does the file exist?
  Plugin: vite:import-analysis
  File: /Users/hubin5/app/Aetheris/frontend/src/router/index.ts:41:28
  24 |      path: "/resources",
  25 |      name: "ResourceList",
  26 |      component: () => import("@/views/resource/ResourceListView.vue"),
     |                              ^
  27 |      meta: { requiresAuth: true }
  28 |    },
      at TransformPluginContext._formatError (file:///Users/hubin5/app/Aetheris/frontend/node_modules/vite/dist/node/chunks/dep-BK3b2jBa.js:49258:41)
      at TransformPluginContext.error (file:///Users/hubin5/app/Aetheris/frontend/node_modules/vite/dist/node/chunks/dep-BK3b2jBa.js:49253:16)
      at normalizeUrl (file:///Users/hubin5/app/Aetheris/frontend/node_modules/vite/dist/node/chunks/dep-BK3b2jBa.js:64307:23)
      at process.processTicksAndRejections (node:internal/process/task_queues:103:5)
      at async file:///Users/hubin5/app/Aetheris/frontend/node_modules/vite/dist/node/chunks/dep-BK3b2jBa.js:64439:39
      at async Promise.all (index 5)
      at async TransformPluginContext.transform (file:///Users/hubin5/app/Aetheris/frontend/node_modules/vite/dist/node/chunks/dep-BK3b2jBa.js:64366:7)
      at async PluginContainer.transform (file:///Users/hubin5/app/Aetheris/frontend/node_modules/vite/dist/node/chunks/dep-BK3b2jBa.js:49099:18)
      at async loadAndTransform (file:///Users/hubin5/app/Aetheris/frontend/node_modules/vite/dist/node/chunks/dep-BK3b2jBa.js:51978:27)
      at async viteTransformMiddleware (file:///Users/hubin5/app/Aetheris/frontend/node_modules/vite/dist/node/chunks/dep-BK3b2jBa.js:62106:24)
2:11:51 PM [vite] Internal server error: Failed to resolve import "@/views/resource/ResourceListView.vue" from "src/router/index.ts". Does the file exist?
  Plugin: vite:import-analysis
  File: /Users/hubin5/app/Aetheris/frontend/src/router/index.ts:41:28
  24 |      path: "/resources",
  25 |      name: "ResourceList",
  26 |      component: () => import("@/views/resource/ResourceListView.vue"),
     |                              ^
  27 |      meta: { requiresAuth: true }
  28 |    },
      at TransformPluginContext._formatError (file:///Users/hubin5/app/Aetheris/frontend/node_modules/vite/dist/node/chunks/dep-BK3b2jBa.js:49258:41)
      at TransformPluginContext.error (file:///Users/hubin5/app/Aetheris/frontend/node_modules/vite/dist/node/chunks/dep-BK3b2jBa.js:49253:16)
      at normalizeUrl (file:///Users/hubin5/app/Aetheris/frontend/node_modules/vite/dist/node/chunks/dep-BK3b2jBa.js:64307:23)
      at process.processTicksAndRejections (node:internal/process/task_queues:103:5)
      at async file:///Users/hubin5/app/Aetheris/frontend/node_modules/vite/dist/node/chunks/dep-BK3b2jBa.js:64439:39
      at async Promise.all (index 5)
      at async TransformPluginContext.transform (file:///Users/hubin5/app/Aetheris/frontend/node_modules/vite/dist/node/chunks/dep-BK3b2jBa.js:64366:7)
      at async PluginContainer.transform (file:///Users/hubin5/app/Aetheris/frontend/node_modules/vite/dist/node/chunks/dep-BK3b2jBa.js:49099:18)
      at async loadAndTransform (file:///Users/hubin5/app/Aetheris/frontend/node_modules/vite/dist/node/chunks/dep-BK3b2jBa.js:51978:27)
      at async viteTransformMiddleware (file:///Users/hubin5/app/Aetheris/frontend/node_modules/vite/dist/node/chunks/dep-BK3b2jBa.js:62106:24)
2:16:17 PM [vite] Internal server error: Failed to resolve import "@/views/resource/ResourceListView.vue" from "src/router/index.ts". Does the file exist?
  Plugin: vite:import-analysis
  File: /Users/hubin5/app/Aetheris/frontend/src/router/index.ts:41:28
  24 |      path: "/resources",
  25 |      name: "ResourceList",
  26 |      component: () => import("@/views/resource/ResourceListView.vue"),
     |                              ^
  27 |      meta: { requiresAuth: true }
  28 |    },
      at TransformPluginContext._formatError (file:///Users/hubin5/app/Aetheris/frontend/node_modules/vite/dist/node/chunks/dep-BK3b2jBa.js:49258:41)
      at TransformPluginContext.error (file:///Users/hubin5/app/Aetheris/frontend/node_modules/vite/dist/node/chunks/dep-BK3b2jBa.js:49253:16)
      at normalizeUrl (file:///Users/hubin5/app/Aetheris/frontend/node_modules/vite/dist/node/chunks/dep-BK3b2jBa.js:64307:23)
      at process.processTicksAndRejections (node:internal/process/task_queues:103:5)
      at async file:///Users/hubin5/app/Aetheris/frontend/node_modules/vite/dist/node/chunks/dep-BK3b2jBa.js:64439:39
      at async Promise.all (index 5)
      at async TransformPluginContext.transform (file:///Users/hubin5/app/Aetheris/frontend/node_modules/vite/dist/node/chunks/dep-BK3b2jBa.js:64366:7)
      at async PluginContainer.transform (file:///Users/hubin5/app/Aetheris/frontend/node_modules/vite/dist/node/chunks/dep-BK3b2jBa.js:49099:18)
      at async loadAndTransform (file:///Users/hubin5/app/Aetheris/frontend/node_modules/vite/dist/node/chunks/dep-BK3b2jBa.js:51978:27)
      at async viteTransformMiddleware (file:///Users/hubin5/app/Aetheris/frontend/node_modules/vite/dist/node/chunks/dep-BK3b2jBa.js:62106:24)
2:16:20 PM [vite] Internal server error: Failed to resolve import "@/views/resource/ResourceListView.vue" from "src/router/index.ts". Does the file exist?
  Plugin: vite:import-analysis
  File: /Users/hubin5/app/Aetheris/frontend/src/router/index.ts:41:28
  24 |      path: "/resources",
  25 |      name: "ResourceList",
  26 |      component: () => import("@/views/resource/ResourceListView.vue"),
     |                              ^
  27 |      meta: { requiresAuth: true }
  28 |    },
      at TransformPluginContext._formatError (file:///Users/hubin5/app/Aetheris/frontend/node_modules/vite/dist/node/chunks/dep-BK3b2jBa.js:49258:41)
      at TransformPluginContext.error (file:///Users/hubin5/app/Aetheris/frontend/node_modules/vite/dist/node/chunks/dep-BK3b2jBa.js:49253:16)
      at normalizeUrl (file:///Users/hubin5/app/Aetheris/frontend/node_modules/vite/dist/node/chunks/dep-BK3b2jBa.js:64307:23)
      at process.processTicksAndRejections (node:internal/process/task_queues:103:5)
      at async file:///Users/hubin5/app/Aetheris/frontend/node_modules/vite/dist/node/chunks/dep-BK3b2jBa.js:64439:39
      at async Promise.all (index 5)
      at async TransformPluginContext.transform (file:///Users/hubin5/app/Aetheris/frontend/node_modules/vite/dist/node/chunks/dep-BK3b2jBa.js:64366:7)
      at async PluginContainer.transform (file:///Users/hubin5/app/Aetheris/frontend/node_modules/vite/dist/node/chunks/dep-BK3b2jBa.js:49099:18)
      at async loadAndTransform (file:///Users/hubin5/app/Aetheris/frontend/node_modules/vite/dist/node/chunks/dep-BK3b2jBa.js:51978:27)
      at async viteTransformMiddleware (file:///Users/hubin5/app/Aetheris/frontend/node_modules/vite/dist/node/chunks/dep-BK3b2jBa.js:62106:24)
2:16:23 PM [vite] Internal server error: Failed to resolve import "@/views/resource/ResourceListView.vue" from "src/router/index.ts". Does the file exist?
  Plugin: vite:import-analysis
  File: /Users/hubin5/app/Aetheris/frontend/src/router/index.ts:41:28
  24 |      path: "/resources",
  25 |      name: "ResourceList",
  26 |      component: () => import("@/views/resource/ResourceListView.vue"),
     |                              ^
  27 |      meta: { requiresAuth: true }
  28 |    },
      at TransformPluginContext._formatError (file:///Users/hubin5/app/Aetheris/frontend/node_modules/vite/dist/node/chunks/dep-BK3b2jBa.js:49258:41)
      at TransformPluginContext.error (file:///Users/hubin5/app/Aetheris/frontend/node_modules/vite/dist/node/chunks/dep-BK3b2jBa.js:49253:16)
      at normalizeUrl (file:///Users/hubin5/app/Aetheris/frontend/node_modules/vite/dist/node/chunks/dep-BK3b2jBa.js:64307:23)
      at process.processTicksAndRejections (node:internal/process/task_queues:103:5)
      at async file:///Users/hubin5/app/Aetheris/frontend/node_modules/vite/dist/node/chunks/dep-BK3b2jBa.js:64439:39
      at async Promise.all (index 5)
      at async TransformPluginContext.transform (file:///Users/hubin5/app/Aetheris/frontend/node_modules/vite/dist/node/chunks/dep-BK3b2jBa.js:64366:7)
      at async PluginContainer.transform (file:///Users/hubin5/app/Aetheris/frontend/node_modules/vite/dist/node/chunks/dep-BK3b2jBa.js:49099:18)
      at async loadAndTransform (file:///Users/hubin5/app/Aetheris/frontend/node_modules/vite/dist/node/chunks/dep-BK3b2jBa.js:51978:27)
      at async viteTransformMiddleware (file:///Users/hubin5/app/Aetheris/frontend/node_modules/vite/dist/node/chunks/dep-BK3b2jBa.js:62106:24)
2:18:08 PM [vite] page reload src/router/index.ts
2:18:08 PM [vite] Pre-transform error: Preprocessor dependency "sass-embedded" not found. Did you install it? Try `npm install -D sass-embedded`.
2:18:08 PM [vite] Internal server error: Preprocessor dependency "sass-embedded" not found. Did you install it? Try `npm install -D sass-embedded`.
  Plugin: vite:css
  File: /Users/hubin5/app/Aetheris/frontend/src/views/auth/LoginView.vue?vue&type=style&index=0&scoped=409777eb&lang.scss
      at loadPreprocessorPath (file:///Users/hubin5/app/Aetheris/frontend/node_modules/vite/dist/node/chunks/dep-BK3b2jBa.js:37292:13)
      at loadSassPackage (file:///Users/hubin5/app/Aetheris/frontend/node_modules/vite/dist/node/chunks/dep-BK3b2jBa.js:37307:19)
      at process (file:///Users/hubin5/app/Aetheris/frontend/node_modules/vite/dist/node/chunks/dep-BK3b2jBa.js:37553:27)
      at compileCSSPreprocessors (file:///Users/hubin5/app/Aetheris/frontend/node_modules/vite/dist/node/chunks/dep-BK3b2jBa.js:36742:34)
      at compileCSS (file:///Users/hubin5/app/Aetheris/frontend/node_modules/vite/dist/node/chunks/dep-BK3b2jBa.js:36796:38)
      at process.processTicksAndRejections (node:internal/process/task_queues:103:5)
      at async TransformPluginContext.transform (file:///Users/hubin5/app/Aetheris/frontend/node_modules/vite/dist/node/chunks/dep-BK3b2jBa.js:36171:11)
      at async PluginContainer.transform (file:///Users/hubin5/app/Aetheris/frontend/node_modules/vite/dist/node/chunks/dep-BK3b2jBa.js:49099:18)
      at async loadAndTransform (file:///Users/hubin5/app/Aetheris/frontend/node_modules/vite/dist/node/chunks/dep-BK3b2jBa.js:51978:27)
      at async viteTransformMiddleware (file:///Users/hubin5/app/Aetheris/frontend/node_modules/vite/dist/node/chunks/dep-BK3b2jBa.js:62106:24)
2:18:09 PM [vite] ✨ new dependencies optimized: @ant-design/icons-vue
2:18:09 PM [vite] ✨ optimized dependencies changed. reloading
2:18:10 PM [vite] Pre-transform error: Preprocessor dependency "sass-embedded" not found. Did you install it? Try `npm install -D sass-embedded`.
2:18:10 PM [vite] Internal server error: Preprocessor dependency "sass-embedded" not found. Did you install it? Try `npm install -D sass-embedded`.
  Plugin: vite:css
  File: /Users/hubin5/app/Aetheris/frontend/src/views/auth/LoginView.vue?vue&type=style&index=0&scoped=409777eb&lang.scss
      at loadPreprocessorPath (file:///Users/hubin5/app/Aetheris/frontend/node_modules/vite/dist/node/chunks/dep-BK3b2jBa.js:37292:13)
      at loadSassPackage (file:///Users/hubin5/app/Aetheris/frontend/node_modules/vite/dist/node/chunks/dep-BK3b2jBa.js:37307:19)
      at process (file:///Users/hubin5/app/Aetheris/frontend/node_modules/vite/dist/node/chunks/dep-BK3b2jBa.js:37553:27)
      at compileCSSPreprocessors (file:///Users/hubin5/app/Aetheris/frontend/node_modules/vite/dist/node/chunks/dep-BK3b2jBa.js:36742:34)
      at compileCSS (file:///Users/hubin5/app/Aetheris/frontend/node_modules/vite/dist/node/chunks/dep-BK3b2jBa.js:36796:38)
      at process.processTicksAndRejections (node:internal/process/task_queues:103:5)
      at async TransformPluginContext.transform (file:///Users/hubin5/app/Aetheris/frontend/node_modules/vite/dist/node/chunks/dep-BK3b2jBa.js:36171:11)
      at async PluginContainer.transform (file:///Users/hubin5/app/Aetheris/frontend/node_modules/vite/dist/node/chunks/dep-BK3b2jBa.js:49099:18)
      at async loadAndTransform (file:///Users/hubin5/app/Aetheris/frontend/node_modules/vite/dist/node/chunks/dep-BK3b2jBa.js:51978:27)
      at async viteTransformMiddleware (file:///Users/hubin5/app/Aetheris/frontend/node_modules/vite/dist/node/chunks/dep-BK3b2jBa.js:62106:24)
2:18:39 PM [vite] Internal server error: Preprocessor dependency "sass-embedded" not found. Did you install it? Try `npm install -D sass-embedded`.
  Plugin: vite:css
  File: /Users/hubin5/app/Aetheris/frontend/src/views/auth/LoginView.vue?vue&type=style&index=0&scoped=409777eb&lang.scss
      at loadPreprocessorPath (file:///Users/hubin5/app/Aetheris/frontend/node_modules/vite/dist/node/chunks/dep-BK3b2jBa.js:37292:13)
      at loadSassPackage (file:///Users/hubin5/app/Aetheris/frontend/node_modules/vite/dist/node/chunks/dep-BK3b2jBa.js:37307:19)
      at process (file:///Users/hubin5/app/Aetheris/frontend/node_modules/vite/dist/node/chunks/dep-BK3b2jBa.js:37553:27)
      at compileCSSPreprocessors (file:///Users/hubin5/app/Aetheris/frontend/node_modules/vite/dist/node/chunks/dep-BK3b2jBa.js:36742:34)
      at compileCSS (file:///Users/hubin5/app/Aetheris/frontend/node_modules/vite/dist/node/chunks/dep-BK3b2jBa.js:36796:38)
      at process.processTicksAndRejections (node:internal/process/task_queues:103:5)
      at async TransformPluginContext.transform (file:///Users/hubin5/app/Aetheris/frontend/node_modules/vite/dist/node/chunks/dep-BK3b2jBa.js:36171:11)
      at async PluginContainer.transform (file:///Users/hubin5/app/Aetheris/frontend/node_modules/vite/dist/node/chunks/dep-BK3b2jBa.js:49099:18)
      at async loadAndTransform (file:///Users/hubin5/app/Aetheris/frontend/node_modules/vite/dist/node/chunks/dep-BK3b2jBa.js:51978:27)
      at async viteTransformMiddleware (file:///Users/hubin5/app/Aetheris/frontend/node_modules/vite/dist/node/chunks/dep-BK3b2jBa.js:62106:24)
2:19:47 PM [vite] hmr update /src/views/auth/LoginView.vue
2:25:44 PM [vite] page reload src/services/auth.service.ts
2:25:44 PM [vite] hmr update /src/views/auth/LoginView.vue
2:25:44 PM [vite] hmr update /src/views/auth/LoginView.vue
2:41:28 PM [vite] Pre-transform error: Preprocessor dependency "sass-embedded" not found. Did you install it? Try `npm install -D sass-embedded`.
2:41:28 PM [vite] Internal server error: Preprocessor dependency "sass-embedded" not found. Did you install it? Try `npm install -D sass-embedded`.
  Plugin: vite:css
  File: /Users/hubin5/app/Aetheris/frontend/src/views/HomeView.vue?vue&type=style&index=0&scoped=b4e148ca&lang.scss
      at loadPreprocessorPath (file:///Users/hubin5/app/Aetheris/frontend/node_modules/vite/dist/node/chunks/dep-BK3b2jBa.js:37292:13)
      at loadSassPackage (file:///Users/hubin5/app/Aetheris/frontend/node_modules/vite/dist/node/chunks/dep-BK3b2jBa.js:37307:19)
      at process (file:///Users/hubin5/app/Aetheris/frontend/node_modules/vite/dist/node/chunks/dep-BK3b2jBa.js:37553:27)
      at compileCSSPreprocessors (file:///Users/hubin5/app/Aetheris/frontend/node_modules/vite/dist/node/chunks/dep-BK3b2jBa.js:36742:34)
      at compileCSS (file:///Users/hubin5/app/Aetheris/frontend/node_modules/vite/dist/node/chunks/dep-BK3b2jBa.js:36796:38)
      at process.processTicksAndRejections (node:internal/process/task_queues:103:5)
      at async TransformPluginContext.transform (file:///Users/hubin5/app/Aetheris/frontend/node_modules/vite/dist/node/chunks/dep-BK3b2jBa.js:36171:11)
      at async PluginContainer.transform (file:///Users/hubin5/app/Aetheris/frontend/node_modules/vite/dist/node/chunks/dep-BK3b2jBa.js:49099:18)
      at async loadAndTransform (file:///Users/hubin5/app/Aetheris/frontend/node_modules/vite/dist/node/chunks/dep-BK3b2jBa.js:51978:27)
      at async viteTransformMiddleware (file:///Users/hubin5/app/Aetheris/frontend/node_modules/vite/dist/node/chunks/dep-BK3b2jBa.js:62106:24)
2:42:25 PM [vite] hmr update /src/views/HomeView.vue
2:44:59 PM [vite] hmr update /src/views/HomeView.vue
2:44:59 PM [vite] hmr update /src/views/HomeView.vue
2:45:00 PM [vite] hmr update /src/views/HomeView.vue?vue&type=style&index=0&scoped=b4e148ca&lang.css
2:51:17 PM [vite] hmr update /src/views/auth/LoginView.vue
2:51:17 PM [vite] hmr update /src/views/auth/LoginView.vue
2:54:57 PM [vite] hmr update /src/views/auth/RegisterView.vue
2:54:58 PM [vite] hmr update /src/views/auth/LoginView.vue
2:55:10 PM [vite] hmr update /src/views/auth/RegisterView.vue
2:55:22 PM [vite] hmr update /src/views/auth/RegisterView.vue
3:01:32 PM [vite] page reload src/services/api.ts
3:01:33 PM [vite] page reload src/stores/user.ts
3:01:34 PM [vite] page reload src/stores/user.ts
3:01:35 PM [vite] hmr update /src/views/auth/LoginView.vue
3:01:35 PM [vite] hmr update /src/views/auth/RegisterView.vue
3:51:08 PM [vite] page reload src/services/auth.service.ts
3:51:12 PM [vite] page reload src/stores/user.ts
3:51:15 PM [vite] page reload src/stores/user.ts
3:51:23 PM [vite] page reload src/stores/user.ts
3:51:28 PM [vite] page reload src/stores/user.ts
3:51:31 PM [vite] page reload src/stores/user.ts
3:51:34 PM [vite] page reload src/stores/user.ts
3:51:46 PM [vite] page reload src/router/index.ts
3:51:58 PM [vite] page reload src/main.ts
4:20:48 PM [vite] page reload src/services/api.ts
4:21:23 PM [vite] page reload src/main.ts
4:21:45 PM [vite] page reload src/main.ts
4:22:58 PM [vite] page reload src/router/index.ts
